Started GET "/" for ::1 at 2020-05-09 21:20:24 -0600
  
ActiveRecord::NoDatabaseError (FATAL:  database "strava_clone_development" does not exist
):
  
activerecord (6.0.3) lib/active_record/connection_adapters/postgresql_adapter.rb:50:in `rescue in postgresql_connection'
activerecord (6.0.3) lib/active_record/connection_adapters/postgresql_adapter.rb:33:in `postgresql_connection'
activerecord (6.0.3) lib/active_record/connection_adapters/abstract/connection_pool.rb:887:in `new_connection'
activerecord (6.0.3) lib/active_record/connection_adapters/abstract/connection_pool.rb:931:in `checkout_new_connection'
activerecord (6.0.3) lib/active_record/connection_adapters/abstract/connection_pool.rb:910:in `try_to_checkout_new_connection'
activerecord (6.0.3) lib/active_record/connection_adapters/abstract/connection_pool.rb:871:in `acquire_connection'
activerecord (6.0.3) lib/active_record/connection_adapters/abstract/connection_pool.rb:593:in `checkout'
activerecord (6.0.3) lib/active_record/connection_adapters/abstract/connection_pool.rb:437:in `connection'
activerecord (6.0.3) lib/active_record/connection_adapters/abstract/connection_pool.rb:1119:in `retrieve_connection'
activerecord (6.0.3) lib/active_record/connection_handling.rb:221:in `retrieve_connection'
activerecord (6.0.3) lib/active_record/connection_handling.rb:189:in `connection'
activerecord (6.0.3) lib/active_record/migration.rb:562:in `call'
actionpack (6.0.3) lib/action_dispatch/middleware/callbacks.rb:27:in `block in call'
activesupport (6.0.3) lib/active_support/callbacks.rb:101:in `run_callbacks'
actionpack (6.0.3) lib/action_dispatch/middleware/callbacks.rb:26:in `call'
actionpack (6.0.3) lib/action_dispatch/middleware/executor.rb:14:in `call'
actionpack (6.0.3) lib/action_dispatch/middleware/actionable_exceptions.rb:17:in `call'
actionpack (6.0.3) lib/action_dispatch/middleware/debug_exceptions.rb:32:in `call'
web-console (4.0.2) lib/web_console/middleware.rb:132:in `call_app'
web-console (4.0.2) lib/web_console/middleware.rb:28:in `block in call'
web-console (4.0.2) lib/web_console/middleware.rb:17:in `catch'
web-console (4.0.2) lib/web_console/middleware.rb:17:in `call'
actionpack (6.0.3) lib/action_dispatch/middleware/show_exceptions.rb:33:in `call'
railties (6.0.3) lib/rails/rack/logger.rb:37:in `call_app'
railties (6.0.3) lib/rails/rack/logger.rb:26:in `block in call'
activesupport (6.0.3) lib/active_support/tagged_logging.rb:80:in `block in tagged'
activesupport (6.0.3) lib/active_support/tagged_logging.rb:28:in `tagged'
activesupport (6.0.3) lib/active_support/tagged_logging.rb:80:in `tagged'
railties (6.0.3) lib/rails/rack/logger.rb:26:in `call'
sprockets-rails (3.2.1) lib/sprockets/rails/quiet_assets.rb:13:in `call'
actionpack (6.0.3) lib/action_dispatch/middleware/remote_ip.rb:81:in `call'
actionpack (6.0.3) lib/action_dispatch/middleware/request_id.rb:27:in `call'
rack (2.2.2) lib/rack/method_override.rb:24:in `call'
rack (2.2.2) lib/rack/runtime.rb:22:in `call'
activesupport (6.0.3) lib/active_support/cache/strategy/local_cache_middleware.rb:29:in `call'
actionpack (6.0.3) lib/action_dispatch/middleware/executor.rb:14:in `call'
actionpack (6.0.3) lib/action_dispatch/middleware/static.rb:126:in `call'
rack (2.2.2) lib/rack/sendfile.rb:110:in `call'
actionpack (6.0.3) lib/action_dispatch/middleware/host_authorization.rb:82:in `call'
webpacker (4.2.2) lib/webpacker/dev_server_proxy.rb:23:in `perform_request'
rack-proxy (0.6.5) lib/rack/proxy.rb:57:in `call'
railties (6.0.3) lib/rails/engine.rb:527:in `call'
puma (4.3.3) lib/puma/configuration.rb:228:in `call'
puma (4.3.3) lib/puma/server.rb:682:in `handle_request'
puma (4.3.3) lib/puma/server.rb:472:in `process_client'
puma (4.3.3) lib/puma/server.rb:328:in `block in run'
puma (4.3.3) lib/puma/thread_pool.rb:134:in `block in spawn_thread'
  [1m[35m (491.7ms)[0m  [1m[35mCREATE DATABASE "strava_clone_development" ENCODING = 'unicode'[0m
  [1m[35m (278.2ms)[0m  [1m[35mCREATE DATABASE "strava_clone_test" ENCODING = 'unicode'[0m
Started GET "/" for ::1 at 2020-05-09 21:20:52 -0600
Processing by AppController#index as HTML
  Rendering app/index.html.erb within layouts/application
  Rendered app/index.html.erb within layouts/application (Duration: 0.9ms | Allocations: 536)
Completed 200 OK in 17ms (Views: 14.3ms | ActiveRecord: 0.0ms | Allocations: 15428)


Started GET "/" for ::1 at 2020-05-24 16:57:52 -0600
Processing by AppController#index as HTML
  Rendering app/index.html.erb within layouts/application
  Rendered app/index.html.erb within layouts/application (Duration: 0.8ms | Allocations: 656)
Completed 200 OK in 11ms (Views: 7.4ms | ActiveRecord: 0.0ms | Allocations: 6471)


Started GET "/" for ::1 at 2020-05-24 17:01:38 -0600
Processing by AppController#index as HTML
  Rendering app/index.html.erb within layouts/application
  Rendered app/index.html.erb within layouts/application (Duration: 1.1ms | Allocations: 506)
Completed 200 OK in 7ms (Views: 5.8ms | ActiveRecord: 0.0ms | Allocations: 3729)


Started GET "/" for ::1 at 2020-05-24 17:01:39 -0600
Processing by AppController#index as HTML
  Rendering app/index.html.erb within layouts/application
  Rendered app/index.html.erb within layouts/application (Duration: 2.0ms | Allocations: 426)
Completed 200 OK in 10ms (Views: 8.6ms | ActiveRecord: 0.0ms | Allocations: 2538)


Started GET "/" for ::1 at 2020-05-24 17:06:16 -0600
Processing by AppController#index as HTML
  Rendering app/index.html.erb within layouts/application
  Rendered app/index.html.erb within layouts/application (Duration: 0.5ms | Allocations: 425)
Completed 200 OK in 3ms (Views: 2.8ms | ActiveRecord: 0.0ms | Allocations: 2551)


Started GET "/" for ::1 at 2020-05-24 17:06:33 -0600
Processing by AppController#index as HTML
  Rendering app/index.html.erb within layouts/application
  Rendered app/index.html.erb within layouts/application (Duration: 0.4ms | Allocations: 425)
Completed 200 OK in 3ms (Views: 2.0ms | ActiveRecord: 0.0ms | Allocations: 2553)


Started GET "/" for ::1 at 2020-05-24 17:06:50 -0600
Processing by AppController#index as HTML
  Rendering app/index.html.erb within layouts/application
  Rendered app/index.html.erb within layouts/application (Duration: 0.4ms | Allocations: 426)
Completed 200 OK in 3ms (Views: 2.1ms | ActiveRecord: 0.0ms | Allocations: 2565)


Started GET "/" for ::1 at 2020-05-24 17:07:26 -0600
Processing by AppController#index as HTML
  Rendering app/index.html.erb within layouts/application
  Rendered app/index.html.erb within layouts/application (Duration: 0.4ms | Allocations: 425)
Completed 200 OK in 2ms (Views: 1.9ms | ActiveRecord: 0.0ms | Allocations: 2543)


Started GET "/" for ::1 at 2020-05-24 17:07:32 -0600
Processing by AppController#index as HTML
  Rendering app/index.html.erb within layouts/application
  Rendered app/index.html.erb within layouts/application (Duration: 0.5ms | Allocations: 425)
Completed 200 OK in 3ms (Views: 2.1ms | ActiveRecord: 0.0ms | Allocations: 2570)


Started GET "/" for ::1 at 2020-05-24 17:07:43 -0600
Processing by AppController#index as HTML
  Rendering app/index.html.erb within layouts/application
  Rendered app/index.html.erb within layouts/application (Duration: 0.4ms | Allocations: 426)
Completed 200 OK in 2ms (Views: 1.8ms | ActiveRecord: 0.0ms | Allocations: 2552)


Started GET "/" for ::1 at 2020-05-24 17:07:59 -0600
Processing by AppController#index as HTML
  Rendering app/index.html.erb within layouts/application
  Rendered app/index.html.erb within layouts/application (Duration: 0.4ms | Allocations: 425)
Completed 200 OK in 2ms (Views: 1.9ms | ActiveRecord: 0.0ms | Allocations: 2554)


Started GET "/" for ::1 at 2020-05-24 17:08:37 -0600
Processing by AppController#index as HTML
  Rendering app/index.html.erb within layouts/application
  Rendered app/index.html.erb within layouts/application (Duration: 1.0ms | Allocations: 511)
Completed 200 OK in 6ms (Views: 4.8ms | ActiveRecord: 0.0ms | Allocations: 3740)


Started GET "/" for ::1 at 2020-05-24 17:08:38 -0600
Processing by AppController#index as HTML
  Rendering app/index.html.erb within layouts/application
  Rendered app/index.html.erb within layouts/application (Duration: 1.6ms | Allocations: 425)
Completed 200 OK in 10ms (Views: 8.0ms | ActiveRecord: 0.0ms | Allocations: 2550)


Started GET "/" for ::1 at 2020-05-24 17:10:47 -0600
Processing by AppController#index as HTML
  Rendering app/index.html.erb within layouts/application
  Rendered app/index.html.erb within layouts/application (Duration: 1.8ms | Allocations: 509)
Completed 200 OK in 21ms (Views: 18.0ms | ActiveRecord: 0.0ms | Allocations: 3739)


Started GET "/" for ::1 at 2020-05-24 17:10:49 -0600
Processing by AppController#index as HTML
  Rendering app/index.html.erb within layouts/application
  Rendered app/index.html.erb within layouts/application (Duration: 0.5ms | Allocations: 425)
Completed 200 OK in 3ms (Views: 2.5ms | ActiveRecord: 0.0ms | Allocations: 2552)


Started GET "/" for ::1 at 2020-05-24 17:11:11 -0600
Processing by AppController#index as HTML
  Rendering app/index.html.erb within layouts/application
  Rendered app/index.html.erb within layouts/application (Duration: 0.5ms | Allocations: 425)
Completed 200 OK in 3ms (Views: 2.6ms | ActiveRecord: 0.0ms | Allocations: 2543)


Started GET "/" for ::1 at 2020-05-24 17:11:28 -0600
Processing by AppController#index as HTML
  Rendering app/index.html.erb within layouts/application
  Rendered app/index.html.erb within layouts/application (Duration: 1.5ms | Allocations: 425)
Completed 200 OK in 8ms (Views: 6.8ms | ActiveRecord: 0.0ms | Allocations: 2556)


Started GET "/" for ::1 at 2020-05-24 17:11:36 -0600
Processing by AppController#index as HTML
  Rendering app/index.html.erb within layouts/application
  Rendered app/index.html.erb within layouts/application (Duration: 1.9ms | Allocations: 425)
Completed 200 OK in 10ms (Views: 8.3ms | ActiveRecord: 0.0ms | Allocations: 2558)


Started GET "/" for ::1 at 2020-05-24 17:13:16 -0600
Processing by AppController#index as HTML
  Rendering app/index.html.erb within layouts/application
  Rendered app/index.html.erb within layouts/application (Duration: 1.5ms | Allocations: 425)
Completed 200 OK in 8ms (Views: 7.0ms | ActiveRecord: 0.0ms | Allocations: 2540)


Started GET "/" for ::1 at 2020-05-24 17:13:18 -0600
Processing by AppController#index as HTML
  Rendering app/index.html.erb within layouts/application
  Rendered app/index.html.erb within layouts/application (Duration: 0.7ms | Allocations: 426)
Completed 200 OK in 4ms (Views: 3.9ms | ActiveRecord: 0.0ms | Allocations: 2549)


Started GET "/" for ::1 at 2020-05-24 17:13:28 -0600
Processing by AppController#index as HTML
  Rendering app/index.html.erb within layouts/application
  Rendered app/index.html.erb within layouts/application (Duration: 1.1ms | Allocations: 425)
Completed 200 OK in 6ms (Views: 5.3ms | ActiveRecord: 0.0ms | Allocations: 2533)


Started GET "/" for ::1 at 2020-05-24 17:13:48 -0600
Processing by AppController#index as HTML
  Rendering app/index.html.erb within layouts/application
  Rendered app/index.html.erb within layouts/application (Duration: 0.4ms | Allocations: 425)
Completed 200 OK in 2ms (Views: 1.7ms | ActiveRecord: 0.0ms | Allocations: 2557)


Started GET "/" for ::1 at 2020-05-24 17:16:35 -0600
Processing by AppController#index as HTML
  Rendering app/index.html.erb within layouts/application
  Rendered app/index.html.erb within layouts/application (Duration: 0.8ms | Allocations: 671)
Completed 200 OK in 8ms (Views: 4.8ms | ActiveRecord: 0.0ms | Allocations: 6487)


Started GET "/" for ::1 at 2020-05-24 17:20:07 -0600
Processing by AppController#index as HTML
  Rendering app/index.html.erb within layouts/application
  Rendered app/index.html.erb within layouts/application (Duration: 0.4ms | Allocations: 438)
Completed 200 OK in 2ms (Views: 2.0ms | ActiveRecord: 0.0ms | Allocations: 2574)


Started GET "/" for ::1 at 2020-05-24 17:22:30 -0600
Processing by AppController#index as HTML
  Rendering app/index.html.erb within layouts/application
  Rendered app/index.html.erb within layouts/application (Duration: 0.5ms | Allocations: 438)
Completed 200 OK in 3ms (Views: 2.5ms | ActiveRecord: 0.0ms | Allocations: 2571)


Started GET "/" for ::1 at 2020-05-24 17:25:35 -0600
Processing by AppController#index as HTML
  Rendering app/index.html.erb within layouts/application
  Rendered app/index.html.erb within layouts/application (Duration: 0.5ms | Allocations: 438)
Completed 200 OK in 3ms (Views: 2.3ms | ActiveRecord: 0.0ms | Allocations: 2587)


Started GET "/" for ::1 at 2020-05-24 17:26:01 -0600
Processing by AppController#index as HTML
  Rendering app/index.html.erb within layouts/application
  Rendered app/index.html.erb within layouts/application (Duration: 0.6ms | Allocations: 437)
Completed 200 OK in 3ms (Views: 2.7ms | ActiveRecord: 0.0ms | Allocations: 2567)


Started GET "/" for ::1 at 2020-05-24 17:26:20 -0600
Processing by AppController#index as HTML
  Rendering app/index.html.erb within layouts/application
  Rendered app/index.html.erb within layouts/application (Duration: 0.5ms | Allocations: 437)
Completed 200 OK in 2ms (Views: 2.0ms | ActiveRecord: 0.0ms | Allocations: 2566)


Started GET "/" for ::1 at 2020-05-24 17:26:21 -0600
Processing by AppController#index as HTML
  Rendering app/index.html.erb within layouts/application
  Rendered app/index.html.erb within layouts/application (Duration: 0.6ms | Allocations: 437)
Completed 200 OK in 7ms (Views: 2.7ms | ActiveRecord: 0.0ms | Allocations: 2573)


Started GET "/" for ::1 at 2020-05-24 17:26:33 -0600
Processing by AppController#index as HTML
  Rendering app/index.html.erb within layouts/application
  Rendered app/index.html.erb within layouts/application (Duration: 0.4ms | Allocations: 437)
Completed 200 OK in 2ms (Views: 1.9ms | ActiveRecord: 0.0ms | Allocations: 2577)


Started GET "/" for ::1 at 2020-05-24 17:26:40 -0600
Processing by AppController#index as HTML
  Rendering app/index.html.erb within layouts/application
  Rendered app/index.html.erb within layouts/application (Duration: 0.4ms | Allocations: 437)
Completed 200 OK in 2ms (Views: 1.9ms | ActiveRecord: 0.0ms | Allocations: 2579)


Started GET "/" for ::1 at 2020-05-24 17:26:58 -0600
Processing by AppController#index as HTML
  Rendering app/index.html.erb within layouts/application
  Rendered app/index.html.erb within layouts/application (Duration: 0.4ms | Allocations: 437)
Completed 200 OK in 2ms (Views: 1.9ms | ActiveRecord: 0.0ms | Allocations: 2573)


Started GET "/" for ::1 at 2020-05-24 17:31:31 -0600
Processing by AppController#index as HTML
  Rendering app/index.html.erb within layouts/application
  Rendered app/index.html.erb within layouts/application (Duration: 0.5ms | Allocations: 437)
Completed 200 OK in 2ms (Views: 2.1ms | ActiveRecord: 0.0ms | Allocations: 2573)


Started GET "/" for ::1 at 2020-05-24 17:32:50 -0600
Processing by AppController#index as HTML
  Rendering app/index.html.erb within layouts/application
  Rendered app/index.html.erb within layouts/application (Duration: 0.9ms | Allocations: 438)
Completed 200 OK in 5ms (Views: 4.6ms | ActiveRecord: 0.0ms | Allocations: 2583)


Started GET "/" for ::1 at 2020-05-24 17:33:59 -0600
Processing by AppController#index as HTML
  Rendering app/index.html.erb within layouts/application
  Rendered app/index.html.erb within layouts/application (Duration: 0.4ms | Allocations: 437)
Completed 200 OK in 3ms (Views: 2.1ms | ActiveRecord: 0.0ms | Allocations: 2563)


Started GET "/" for ::1 at 2020-05-24 17:37:30 -0600
Processing by AppController#index as HTML
  Rendering app/index.html.erb within layouts/application
  Rendered app/index.html.erb within layouts/application (Duration: 0.5ms | Allocations: 437)
Completed 200 OK in 2ms (Views: 2.1ms | ActiveRecord: 0.0ms | Allocations: 2568)


Started GET "/" for ::1 at 2020-05-24 17:37:52 -0600
Processing by AppController#index as HTML
  Rendering app/index.html.erb within layouts/application
  Rendered app/index.html.erb within layouts/application (Duration: 0.5ms | Allocations: 437)
Completed 200 OK in 3ms (Views: 2.5ms | ActiveRecord: 0.0ms | Allocations: 2577)


Started GET "/" for ::1 at 2020-05-24 17:38:58 -0600
Processing by AppController#index as HTML
  Rendering app/index.html.erb within layouts/application
  Rendered app/index.html.erb within layouts/application (Duration: 0.8ms | Allocations: 437)
Completed 200 OK in 5ms (Views: 4.3ms | ActiveRecord: 0.0ms | Allocations: 2583)


Started GET "/" for ::1 at 2020-05-24 17:39:32 -0600
Processing by AppController#index as HTML
  Rendering app/index.html.erb within layouts/application
  Rendered app/index.html.erb within layouts/application (Duration: 0.6ms | Allocations: 437)
Completed 200 OK in 3ms (Views: 2.9ms | ActiveRecord: 0.0ms | Allocations: 2575)


Started GET "/" for ::1 at 2020-05-24 17:39:54 -0600
Processing by AppController#index as HTML
  Rendering app/index.html.erb within layouts/application
  Rendered app/index.html.erb within layouts/application (Duration: 1.1ms | Allocations: 437)
Completed 200 OK in 5ms (Views: 4.2ms | ActiveRecord: 0.0ms | Allocations: 2566)


Started GET "/" for ::1 at 2020-05-24 17:40:18 -0600
Processing by AppController#index as HTML
  Rendering app/index.html.erb within layouts/application
  Rendered app/index.html.erb within layouts/application (Duration: 0.6ms | Allocations: 437)
Completed 200 OK in 6ms (Views: 5.7ms | ActiveRecord: 0.0ms | Allocations: 2575)


Started GET "/" for ::1 at 2020-05-24 17:43:23 -0600
Processing by AppController#index as HTML
  Rendering app/index.html.erb within layouts/application
  Rendered app/index.html.erb within layouts/application (Duration: 0.9ms | Allocations: 437)
Completed 200 OK in 4ms (Views: 3.4ms | ActiveRecord: 0.0ms | Allocations: 2573)


Started GET "/" for ::1 at 2020-05-24 17:45:51 -0600
Processing by AppController#index as HTML
  Rendering app/index.html.erb within layouts/application
  Rendered app/index.html.erb within layouts/application (Duration: 0.8ms | Allocations: 437)
Completed 200 OK in 4ms (Views: 3.3ms | ActiveRecord: 0.0ms | Allocations: 2569)


Started GET "/" for ::1 at 2020-05-24 17:50:07 -0600
Processing by AppController#index as HTML
  Rendering app/index.html.erb within layouts/application
  Rendered app/index.html.erb within layouts/application (Duration: 0.4ms | Allocations: 437)
Completed 200 OK in 2ms (Views: 1.8ms | ActiveRecord: 0.0ms | Allocations: 2589)


Started GET "/" for ::1 at 2020-05-24 17:52:52 -0600
Processing by AppController#index as HTML
  Rendering app/index.html.erb within layouts/application
  Rendered app/index.html.erb within layouts/application (Duration: 0.8ms | Allocations: 437)
Completed 200 OK in 6ms (Views: 5.0ms | ActiveRecord: 0.0ms | Allocations: 2571)


Started GET "/" for ::1 at 2020-05-24 17:53:30 -0600
Processing by AppController#index as HTML
  Rendering app/index.html.erb within layouts/application
  Rendered app/index.html.erb within layouts/application (Duration: 0.5ms | Allocations: 437)
Completed 200 OK in 3ms (Views: 2.5ms | ActiveRecord: 0.0ms | Allocations: 2571)


Started GET "/" for ::1 at 2020-05-24 17:53:31 -0600
Processing by AppController#index as HTML
  Rendering app/index.html.erb within layouts/application
  Rendered app/index.html.erb within layouts/application (Duration: 0.4ms | Allocations: 437)
Completed 200 OK in 2ms (Views: 1.7ms | ActiveRecord: 0.0ms | Allocations: 2571)


Started GET "/" for ::1 at 2020-05-24 17:54:07 -0600
Processing by AppController#index as HTML
  Rendering app/index.html.erb within layouts/application
  Rendered app/index.html.erb within layouts/application (Duration: 0.4ms | Allocations: 437)
Completed 200 OK in 2ms (Views: 1.9ms | ActiveRecord: 0.0ms | Allocations: 2567)


Started GET "/" for ::1 at 2020-05-24 17:54:12 -0600
Processing by AppController#index as HTML
  Rendering app/index.html.erb within layouts/application
  Rendered app/index.html.erb within layouts/application (Duration: 1.9ms | Allocations: 437)
Completed 200 OK in 11ms (Views: 9.1ms | ActiveRecord: 0.0ms | Allocations: 2575)


Started GET "/" for ::1 at 2020-05-24 17:54:39 -0600
Processing by AppController#index as HTML
  Rendering app/index.html.erb within layouts/application
  Rendered app/index.html.erb within layouts/application (Duration: 1.2ms | Allocations: 437)
Completed 200 OK in 7ms (Views: 5.6ms | ActiveRecord: 0.0ms | Allocations: 2569)


Started GET "/" for ::1 at 2020-05-24 17:54:50 -0600
Processing by AppController#index as HTML
  Rendering app/index.html.erb within layouts/application
  Rendered app/index.html.erb within layouts/application (Duration: 0.4ms | Allocations: 437)
Completed 200 OK in 2ms (Views: 1.8ms | ActiveRecord: 0.0ms | Allocations: 2561)


Started GET "/" for ::1 at 2020-05-24 17:55:19 -0600
Processing by AppController#index as HTML
  Rendering app/index.html.erb within layouts/application
  Rendered app/index.html.erb within layouts/application (Duration: 0.5ms | Allocations: 437)
Completed 200 OK in 3ms (Views: 2.3ms | ActiveRecord: 0.0ms | Allocations: 2579)


Started GET "/" for ::1 at 2020-05-24 17:56:01 -0600
Processing by AppController#index as HTML
  Rendering app/index.html.erb within layouts/application
  Rendered app/index.html.erb within layouts/application (Duration: 0.5ms | Allocations: 437)
Completed 200 OK in 2ms (Views: 1.9ms | ActiveRecord: 0.0ms | Allocations: 2577)


Started GET "/" for ::1 at 2020-05-24 17:56:11 -0600
Processing by AppController#index as HTML
  Rendering app/index.html.erb within layouts/application
  Rendered app/index.html.erb within layouts/application (Duration: 0.4ms | Allocations: 437)
Completed 200 OK in 2ms (Views: 1.9ms | ActiveRecord: 0.0ms | Allocations: 2575)


Started GET "/" for ::1 at 2020-05-24 17:56:16 -0600
Processing by AppController#index as HTML
  Rendering app/index.html.erb within layouts/application
  Rendered app/index.html.erb within layouts/application (Duration: 0.5ms | Allocations: 437)
Completed 200 OK in 3ms (Views: 2.2ms | ActiveRecord: 0.0ms | Allocations: 2573)


Started GET "/" for ::1 at 2020-05-24 17:56:44 -0600
Processing by AppController#index as HTML
  Rendering app/index.html.erb within layouts/application
  Rendered app/index.html.erb within layouts/application (Duration: 1.7ms | Allocations: 437)
Completed 200 OK in 10ms (Views: 8.3ms | ActiveRecord: 0.0ms | Allocations: 2575)


Started GET "/" for ::1 at 2020-05-24 17:56:59 -0600
Processing by AppController#index as HTML
  Rendering app/index.html.erb within layouts/application
  Rendered app/index.html.erb within layouts/application (Duration: 0.3ms | Allocations: 437)
Completed 200 OK in 2ms (Views: 1.6ms | ActiveRecord: 0.0ms | Allocations: 2573)


Started GET "/" for ::1 at 2020-05-24 17:57:42 -0600
Processing by AppController#index as HTML
  Rendering app/index.html.erb within layouts/application
  Rendered app/index.html.erb within layouts/application (Duration: 0.6ms | Allocations: 437)
Completed 200 OK in 3ms (Views: 2.4ms | ActiveRecord: 0.0ms | Allocations: 2557)


Started GET "/" for ::1 at 2020-05-24 17:57:57 -0600
Processing by AppController#index as HTML
  Rendering app/index.html.erb within layouts/application
  Rendered app/index.html.erb within layouts/application (Duration: 0.5ms | Allocations: 437)
Completed 200 OK in 2ms (Views: 2.1ms | ActiveRecord: 0.0ms | Allocations: 2569)


Started GET "/" for ::1 at 2020-05-24 17:58:41 -0600
Processing by AppController#index as HTML
  Rendering app/index.html.erb within layouts/application
  Rendered app/index.html.erb within layouts/application (Duration: 0.4ms | Allocations: 437)
Completed 200 OK in 2ms (Views: 1.9ms | ActiveRecord: 0.0ms | Allocations: 2581)


Started GET "/" for ::1 at 2020-05-24 17:58:59 -0600
Processing by AppController#index as HTML
  Rendering app/index.html.erb within layouts/application
  Rendered app/index.html.erb within layouts/application (Duration: 0.5ms | Allocations: 437)
Completed 200 OK in 3ms (Views: 2.4ms | ActiveRecord: 0.0ms | Allocations: 2579)


Started GET "/" for ::1 at 2020-05-24 17:59:18 -0600
Processing by AppController#index as HTML
  Rendering app/index.html.erb within layouts/application
  Rendered app/index.html.erb within layouts/application (Duration: 0.4ms | Allocations: 437)
Completed 200 OK in 3ms (Views: 2.1ms | ActiveRecord: 0.0ms | Allocations: 2585)


Started GET "/" for ::1 at 2020-05-24 18:01:27 -0600
Processing by AppController#index as HTML
  Rendering app/index.html.erb within layouts/application
  Rendered app/index.html.erb within layouts/application (Duration: 0.5ms | Allocations: 437)
Completed 200 OK in 3ms (Views: 2.5ms | ActiveRecord: 0.0ms | Allocations: 2565)


Started GET "/" for ::1 at 2020-05-24 18:01:52 -0600
Processing by AppController#index as HTML
  Rendering app/index.html.erb within layouts/application
  Rendered app/index.html.erb within layouts/application (Duration: 0.6ms | Allocations: 437)
Completed 200 OK in 3ms (Views: 2.3ms | ActiveRecord: 0.0ms | Allocations: 2575)


Started GET "/" for ::1 at 2020-05-24 18:08:50 -0600
Processing by AppController#index as HTML
  Rendering app/index.html.erb within layouts/application
  Rendered app/index.html.erb within layouts/application (Duration: 1.1ms | Allocations: 668)
Completed 200 OK in 21ms (Views: 17.5ms | ActiveRecord: 0.0ms | Allocations: 6476)


Started GET "/test" for ::1 at 2020-05-24 18:08:53 -0600
  
ActionController::RoutingError (uninitialized constant PagesController
Did you mean?  AppController):
  
actionpack (6.0.3) lib/action_dispatch/http/request.rb:92:in `rescue in controller_class_for'
actionpack (6.0.3) lib/action_dispatch/http/request.rb:88:in `controller_class_for'
actionpack (6.0.3) lib/action_dispatch/http/request.rb:81:in `controller_class'
actionpack (6.0.3) lib/action_dispatch/routing/route_set.rb:44:in `controller'
actionpack (6.0.3) lib/action_dispatch/routing/route_set.rb:31:in `serve'
actionpack (6.0.3) lib/action_dispatch/journey/router.rb:49:in `block in serve'
actionpack (6.0.3) lib/action_dispatch/journey/router.rb:32:in `each'
actionpack (6.0.3) lib/action_dispatch/journey/router.rb:32:in `serve'
actionpack (6.0.3) lib/action_dispatch/routing/route_set.rb:834:in `call'
warden (1.2.8) lib/warden/manager.rb:36:in `block in call'
warden (1.2.8) lib/warden/manager.rb:34:in `catch'
warden (1.2.8) lib/warden/manager.rb:34:in `call'
rack (2.2.2) lib/rack/tempfile_reaper.rb:15:in `call'
rack (2.2.2) lib/rack/etag.rb:27:in `call'
rack (2.2.2) lib/rack/conditional_get.rb:27:in `call'
rack (2.2.2) lib/rack/head.rb:12:in `call'
actionpack (6.0.3) lib/action_dispatch/http/content_security_policy.rb:18:in `call'
rack (2.2.2) lib/rack/session/abstract/id.rb:266:in `context'
rack (2.2.2) lib/rack/session/abstract/id.rb:260:in `call'
actionpack (6.0.3) lib/action_dispatch/middleware/cookies.rb:648:in `call'
activerecord (6.0.3) lib/active_record/migration.rb:567:in `call'
actionpack (6.0.3) lib/action_dispatch/middleware/callbacks.rb:27:in `block in call'
activesupport (6.0.3) lib/active_support/callbacks.rb:101:in `run_callbacks'
actionpack (6.0.3) lib/action_dispatch/middleware/callbacks.rb:26:in `call'
actionpack (6.0.3) lib/action_dispatch/middleware/executor.rb:14:in `call'
actionpack (6.0.3) lib/action_dispatch/middleware/actionable_exceptions.rb:17:in `call'
actionpack (6.0.3) lib/action_dispatch/middleware/debug_exceptions.rb:32:in `call'
web-console (4.0.2) lib/web_console/middleware.rb:132:in `call_app'
web-console (4.0.2) lib/web_console/middleware.rb:28:in `block in call'
web-console (4.0.2) lib/web_console/middleware.rb:17:in `catch'
web-console (4.0.2) lib/web_console/middleware.rb:17:in `call'
actionpack (6.0.3) lib/action_dispatch/middleware/show_exceptions.rb:33:in `call'
railties (6.0.3) lib/rails/rack/logger.rb:37:in `call_app'
railties (6.0.3) lib/rails/rack/logger.rb:26:in `block in call'
activesupport (6.0.3) lib/active_support/tagged_logging.rb:80:in `block in tagged'
activesupport (6.0.3) lib/active_support/tagged_logging.rb:28:in `tagged'
activesupport (6.0.3) lib/active_support/tagged_logging.rb:80:in `tagged'
railties (6.0.3) lib/rails/rack/logger.rb:26:in `call'
sprockets-rails (3.2.1) lib/sprockets/rails/quiet_assets.rb:13:in `call'
actionpack (6.0.3) lib/action_dispatch/middleware/remote_ip.rb:81:in `call'
actionpack (6.0.3) lib/action_dispatch/middleware/request_id.rb:27:in `call'
rack (2.2.2) lib/rack/method_override.rb:24:in `call'
rack (2.2.2) lib/rack/runtime.rb:22:in `call'
activesupport (6.0.3) lib/active_support/cache/strategy/local_cache_middleware.rb:29:in `call'
actionpack (6.0.3) lib/action_dispatch/middleware/executor.rb:14:in `call'
actionpack (6.0.3) lib/action_dispatch/middleware/static.rb:126:in `call'
rack (2.2.2) lib/rack/sendfile.rb:110:in `call'
actionpack (6.0.3) lib/action_dispatch/middleware/host_authorization.rb:82:in `call'
webpacker (4.2.2) lib/webpacker/dev_server_proxy.rb:23:in `perform_request'
rack-proxy (0.6.5) lib/rack/proxy.rb:57:in `call'
railties (6.0.3) lib/rails/engine.rb:527:in `call'
puma (4.3.3) lib/puma/configuration.rb:228:in `call'
puma (4.3.3) lib/puma/server.rb:682:in `handle_request'
puma (4.3.3) lib/puma/server.rb:472:in `process_client'
puma (4.3.3) lib/puma/server.rb:328:in `block in run'
puma (4.3.3) lib/puma/thread_pool.rb:134:in `block in spawn_thread'
Started GET "/test" for ::1 at 2020-05-24 18:09:02 -0600
Processing by AppController#index as HTML
  Parameters: {"path"=>"test"}
  Rendering app/index.html.erb within layouts/application
  Rendered app/index.html.erb within layouts/application (Duration: 0.5ms | Allocations: 456)
Completed 200 OK in 3ms (Views: 2.3ms | ActiveRecord: 0.0ms | Allocations: 2799)


Started GET "/test" for ::1 at 2020-05-24 18:09:03 -0600
Processing by AppController#index as HTML
  Parameters: {"path"=>"test"}
  Rendering app/index.html.erb within layouts/application
  Rendered app/index.html.erb within layouts/application (Duration: 0.5ms | Allocations: 450)
Completed 200 OK in 3ms (Views: 2.2ms | ActiveRecord: 0.0ms | Allocations: 2603)


Started GET "/test" for ::1 at 2020-05-24 18:09:04 -0600
Processing by AppController#index as HTML
  Parameters: {"path"=>"test"}
  Rendering app/index.html.erb within layouts/application
  Rendered app/index.html.erb within layouts/application (Duration: 1.5ms | Allocations: 449)
Completed 200 OK in 9ms (Views: 7.7ms | ActiveRecord: 0.0ms | Allocations: 2587)


